<?xml version="1.0" encoding="UTF-8"?>
<testsuite name="org.derivco.data.RequestProviderTest" tests="1" skipped="0" failures="0" errors="0" timestamp="2020-05-26T07:51:01" hostname="SANAL-PC" time="1.116">
  <properties/>
  <testcase name="getDroneRequests()" classname="org.derivco.data.RequestProviderTest" time="1.116"/>
  <system-out><![CDATA[]]></system-out>
  <system-err><![CDATA[]]></system-err>
</testsuite>
